{"/home/adlancel/Documents/mpg_case/server/src/commands/CreateLeagueCommand.ts": {"path":"/home/adlancel/Documents/mpg_case/server/src/commands/CreateLeagueCommand.ts","all":false,"statementMap":{"0":{"start":{"line":1,"column":0},"end":{"line":1,"column":34}},"1":{"start":{"line":2,"column":0},"end":{"line":2,"column":16}},"2":{"start":{"line":3,"column":0},"end":{"line":3,"column":35}},"3":{"start":{"line":4,"column":0},"end":{"line":4,"column":37}},"4":{"start":{"line":5,"column":0},"end":{"line":5,"column":44}},"5":{"start":{"line":6,"column":0},"end":{"line":6,"column":39}},"6":{"start":{"line":7,"column":0},"end":{"line":7,"column":9}},"7":{"start":{"line":8,"column":0},"end":{"line":8,"column":1}}},"s":{"0":1,"1":1,"2":4,"3":4,"4":4,"5":4,"6":4,"7":1},"branchMap":{"0":{"type":"branch","line":2,"loc":{"start":{"line":2,"column":4},"end":{"line":7,"column":9}},"locations":[{"start":{"line":2,"column":4},"end":{"line":7,"column":9}}]}},"b":{"0":[4]},"fnMap":{"0":{"name":"CreateLeagueCommand","decl":{"start":{"line":2,"column":4},"end":{"line":7,"column":9}},"loc":{"start":{"line":2,"column":4},"end":{"line":7,"column":9}},"line":2}},"f":{"0":4}}
,"/home/adlancel/Documents/mpg_case/server/src/commands/UpdateTeamNameCommand.ts": {"path":"/home/adlancel/Documents/mpg_case/server/src/commands/UpdateTeamNameCommand.ts","all":false,"statementMap":{"0":{"start":{"line":1,"column":0},"end":{"line":1,"column":36}},"1":{"start":{"line":2,"column":0},"end":{"line":2,"column":16}},"2":{"start":{"line":3,"column":0},"end":{"line":3,"column":39}},"3":{"start":{"line":4,"column":0},"end":{"line":4,"column":39}},"4":{"start":{"line":5,"column":0},"end":{"line":5,"column":9}},"5":{"start":{"line":6,"column":0},"end":{"line":6,"column":1}}},"s":{"0":1,"1":1,"2":4,"3":4,"4":4,"5":1},"branchMap":{"0":{"type":"branch","line":2,"loc":{"start":{"line":2,"column":4},"end":{"line":5,"column":9}},"locations":[{"start":{"line":2,"column":4},"end":{"line":5,"column":9}}]}},"b":{"0":[4]},"fnMap":{"0":{"name":"UpdateTeamNameCommand","decl":{"start":{"line":2,"column":4},"end":{"line":5,"column":9}},"loc":{"start":{"line":2,"column":4},"end":{"line":5,"column":9}},"line":2}},"f":{"0":4}}
,"/home/adlancel/Documents/mpg_case/server/src/controllers/create-league/CreateLeagueController.ts": {"path":"/home/adlancel/Documents/mpg_case/server/src/controllers/create-league/CreateLeagueController.ts","all":false,"statementMap":{"0":{"start":{"line":1,"column":0},"end":{"line":1,"column":44}},"1":{"start":{"line":2,"column":0},"end":{"line":2,"column":87}},"2":{"start":{"line":3,"column":0},"end":{"line":3,"column":73}},"3":{"start":{"line":4,"column":0},"end":{"line":4,"column":0}},"4":{"start":{"line":5,"column":0},"end":{"line":5,"column":37}},"5":{"start":{"line":6,"column":0},"end":{"line":6,"column":86}},"6":{"start":{"line":7,"column":0},"end":{"line":7,"column":0}},"7":{"start":{"line":8,"column":0},"end":{"line":8,"column":53}},"8":{"start":{"line":9,"column":0},"end":{"line":9,"column":13}},"9":{"start":{"line":10,"column":0},"end":{"line":10,"column":52}},"10":{"start":{"line":11,"column":0},"end":{"line":11,"column":28}},"11":{"start":{"line":12,"column":0},"end":{"line":12,"column":30}},"12":{"start":{"line":13,"column":0},"end":{"line":13,"column":37}},"13":{"start":{"line":14,"column":0},"end":{"line":14,"column":32}},"14":{"start":{"line":15,"column":0},"end":{"line":15,"column":14}},"15":{"start":{"line":16,"column":0},"end":{"line":16,"column":78}},"16":{"start":{"line":17,"column":0},"end":{"line":17,"column":44}},"17":{"start":{"line":18,"column":0},"end":{"line":18,"column":25}},"18":{"start":{"line":19,"column":0},"end":{"line":19,"column":75}},"19":{"start":{"line":20,"column":0},"end":{"line":20,"column":9}},"20":{"start":{"line":21,"column":0},"end":{"line":21,"column":5}},"21":{"start":{"line":22,"column":0},"end":{"line":22,"column":1}}},"s":{"0":1,"1":1,"2":1,"3":1,"4":1,"5":1,"6":1,"7":1,"8":3,"9":3,"10":3,"11":3,"12":3,"13":3,"14":3,"15":3,"16":2,"17":3,"18":1,"19":1,"20":3,"21":1},"branchMap":{"0":{"type":"branch","line":6,"loc":{"start":{"line":6,"column":4},"end":{"line":6,"column":86}},"locations":[{"start":{"line":6,"column":4},"end":{"line":6,"column":86}}]},"1":{"type":"branch","line":8,"loc":{"start":{"line":8,"column":10},"end":{"line":21,"column":5}},"locations":[{"start":{"line":8,"column":10},"end":{"line":21,"column":5}}]},"2":{"type":"branch","line":17,"loc":{"start":{"line":17,"column":-1},"end":{"line":18,"column":17}},"locations":[{"start":{"line":17,"column":-1},"end":{"line":18,"column":17}}]},"3":{"type":"branch","line":18,"loc":{"start":{"line":18,"column":10},"end":{"line":20,"column":9}},"locations":[{"start":{"line":18,"column":10},"end":{"line":20,"column":9}}]}},"b":{"0":[3],"1":[3],"2":[2],"3":[1]},"fnMap":{"0":{"name":"CreateLeagueController","decl":{"start":{"line":6,"column":4},"end":{"line":6,"column":86}},"loc":{"start":{"line":6,"column":4},"end":{"line":6,"column":86}},"line":6},"1":{"name":"createLeague","decl":{"start":{"line":8,"column":10},"end":{"line":21,"column":5}},"loc":{"start":{"line":8,"column":10},"end":{"line":21,"column":5}},"line":8}},"f":{"0":3,"1":3}}
,"/home/adlancel/Documents/mpg_case/server/src/controllers/get-user/GetUserController.ts": {"path":"/home/adlancel/Documents/mpg_case/server/src/controllers/get-user/GetUserController.ts","all":false,"statementMap":{"0":{"start":{"line":1,"column":0},"end":{"line":1,"column":44}},"1":{"start":{"line":2,"column":0},"end":{"line":2,"column":68}},"2":{"start":{"line":3,"column":0},"end":{"line":3,"column":29}},"3":{"start":{"line":4,"column":0},"end":{"line":4,"column":80}},"4":{"start":{"line":5,"column":0},"end":{"line":5,"column":0}},"5":{"start":{"line":6,"column":0},"end":{"line":6,"column":32}},"6":{"start":{"line":7,"column":0},"end":{"line":7,"column":75}},"7":{"start":{"line":8,"column":0},"end":{"line":8,"column":0}},"8":{"start":{"line":9,"column":0},"end":{"line":9,"column":7}},"9":{"start":{"line":10,"column":0},"end":{"line":10,"column":15}},"10":{"start":{"line":11,"column":0},"end":{"line":11,"column":37}},"11":{"start":{"line":12,"column":0},"end":{"line":12,"column":13}},"12":{"start":{"line":13,"column":0},"end":{"line":13,"column":45}},"13":{"start":{"line":14,"column":0},"end":{"line":14,"column":85}},"14":{"start":{"line":15,"column":0},"end":{"line":15,"column":16}},"15":{"start":{"line":16,"column":0},"end":{"line":16,"column":20}},"16":{"start":{"line":17,"column":0},"end":{"line":17,"column":22}},"17":{"start":{"line":18,"column":0},"end":{"line":18,"column":23}},"18":{"start":{"line":19,"column":0},"end":{"line":19,"column":29}},"19":{"start":{"line":20,"column":0},"end":{"line":20,"column":29}},"20":{"start":{"line":21,"column":0},"end":{"line":21,"column":62}},"21":{"start":{"line":22,"column":0},"end":{"line":22,"column":22}},"22":{"start":{"line":23,"column":0},"end":{"line":23,"column":29}},"23":{"start":{"line":24,"column":0},"end":{"line":24,"column":21}},"24":{"start":{"line":25,"column":0},"end":{"line":25,"column":17}},"25":{"start":{"line":26,"column":0},"end":{"line":26,"column":64}},"26":{"start":{"line":27,"column":0},"end":{"line":27,"column":23}},"27":{"start":{"line":28,"column":0},"end":{"line":28,"column":34}},"28":{"start":{"line":29,"column":0},"end":{"line":29,"column":26}},"29":{"start":{"line":30,"column":0},"end":{"line":30,"column":33}},"30":{"start":{"line":31,"column":0},"end":{"line":31,"column":32}},"31":{"start":{"line":32,"column":0},"end":{"line":32,"column":29}},"32":{"start":{"line":33,"column":0},"end":{"line":33,"column":36}},"33":{"start":{"line":34,"column":0},"end":{"line":34,"column":31}},"34":{"start":{"line":35,"column":0},"end":{"line":35,"column":39}},"35":{"start":{"line":36,"column":0},"end":{"line":36,"column":38}},"36":{"start":{"line":37,"column":0},"end":{"line":37,"column":34}},"37":{"start":{"line":38,"column":0},"end":{"line":38,"column":43}},"38":{"start":{"line":39,"column":0},"end":{"line":39,"column":50}},"39":{"start":{"line":40,"column":0},"end":{"line":40,"column":17}},"40":{"start":{"line":41,"column":0},"end":{"line":41,"column":63}},"41":{"start":{"line":42,"column":0},"end":{"line":42,"column":23}},"42":{"start":{"line":43,"column":0},"end":{"line":43,"column":34}},"43":{"start":{"line":44,"column":0},"end":{"line":44,"column":26}},"44":{"start":{"line":45,"column":0},"end":{"line":45,"column":33}},"45":{"start":{"line":46,"column":0},"end":{"line":46,"column":32}},"46":{"start":{"line":47,"column":0},"end":{"line":47,"column":29}},"47":{"start":{"line":48,"column":0},"end":{"line":48,"column":37}},"48":{"start":{"line":49,"column":0},"end":{"line":49,"column":76}},"49":{"start":{"line":50,"column":0},"end":{"line":50,"column":7}},"50":{"start":{"line":51,"column":0},"end":{"line":51,"column":59}},"51":{"start":{"line":52,"column":0},"end":{"line":52,"column":13}},"52":{"start":{"line":53,"column":0},"end":{"line":53,"column":75}},"53":{"start":{"line":54,"column":0},"end":{"line":54,"column":80}},"54":{"start":{"line":55,"column":0},"end":{"line":55,"column":0}},"55":{"start":{"line":56,"column":0},"end":{"line":56,"column":68}},"56":{"start":{"line":57,"column":0},"end":{"line":57,"column":32}},"57":{"start":{"line":58,"column":0},"end":{"line":58,"column":25}},"58":{"start":{"line":59,"column":0},"end":{"line":59,"column":57}},"59":{"start":{"line":60,"column":0},"end":{"line":60,"column":88}},"60":{"start":{"line":61,"column":0},"end":{"line":61,"column":9}},"61":{"start":{"line":62,"column":0},"end":{"line":62,"column":5}},"62":{"start":{"line":63,"column":0},"end":{"line":63,"column":1}}},"s":{"0":1,"1":1,"2":1,"3":1,"4":1,"5":1,"6":1,"7":1,"8":1,"9":1,"10":1,"11":1,"12":1,"13":1,"14":1,"15":1,"16":1,"17":1,"18":1,"19":1,"20":1,"21":1,"22":1,"23":1,"24":1,"25":1,"26":1,"27":1,"28":1,"29":1,"30":1,"31":1,"32":1,"33":1,"34":1,"35":1,"36":1,"37":1,"38":1,"39":1,"40":1,"41":1,"42":1,"43":1,"44":1,"45":1,"46":1,"47":1,"48":1,"49":1,"50":1,"51":3,"52":3,"53":3,"54":3,"55":3,"56":2,"57":3,"58":1,"59":1,"60":1,"61":3,"62":1},"branchMap":{"0":{"type":"branch","line":7,"loc":{"start":{"line":7,"column":4},"end":{"line":7,"column":75}},"locations":[{"start":{"line":7,"column":4},"end":{"line":7,"column":75}}]},"1":{"type":"branch","line":51,"loc":{"start":{"line":51,"column":10},"end":{"line":62,"column":5}},"locations":[{"start":{"line":51,"column":10},"end":{"line":62,"column":5}}]},"2":{"type":"branch","line":57,"loc":{"start":{"line":57,"column":-1},"end":{"line":58,"column":17}},"locations":[{"start":{"line":57,"column":-1},"end":{"line":58,"column":17}}]},"3":{"type":"branch","line":58,"loc":{"start":{"line":58,"column":10},"end":{"line":61,"column":9}},"locations":[{"start":{"line":58,"column":10},"end":{"line":61,"column":9}}]}},"b":{"0":[1],"1":[3],"2":[2],"3":[1]},"fnMap":{"0":{"name":"GetUserController","decl":{"start":{"line":7,"column":4},"end":{"line":7,"column":75}},"loc":{"start":{"line":7,"column":4},"end":{"line":7,"column":75}},"line":7},"1":{"name":"getUsersByLeagueId","decl":{"start":{"line":51,"column":10},"end":{"line":62,"column":5}},"loc":{"start":{"line":51,"column":10},"end":{"line":62,"column":5}},"line":51}},"f":{"0":1,"1":3}}
,"/home/adlancel/Documents/mpg_case/server/src/controllers/update-team-name/UpdateTeamNameController.ts": {"path":"/home/adlancel/Documents/mpg_case/server/src/controllers/update-team-name/UpdateTeamNameController.ts","all":false,"statementMap":{"0":{"start":{"line":1,"column":0},"end":{"line":1,"column":44}},"1":{"start":{"line":2,"column":0},"end":{"line":2,"column":86}},"2":{"start":{"line":3,"column":0},"end":{"line":3,"column":72}},"3":{"start":{"line":4,"column":0},"end":{"line":4,"column":29}},"4":{"start":{"line":5,"column":0},"end":{"line":5,"column":0}},"5":{"start":{"line":6,"column":0},"end":{"line":6,"column":39}},"6":{"start":{"line":7,"column":0},"end":{"line":7,"column":89}},"7":{"start":{"line":8,"column":0},"end":{"line":8,"column":0}},"8":{"start":{"line":9,"column":0},"end":{"line":9,"column":55}},"9":{"start":{"line":10,"column":0},"end":{"line":10,"column":32}},"10":{"start":{"line":11,"column":0},"end":{"line":11,"column":80}},"11":{"start":{"line":12,"column":0},"end":{"line":12,"column":9}},"12":{"start":{"line":13,"column":0},"end":{"line":13,"column":0}},"13":{"start":{"line":14,"column":0},"end":{"line":14,"column":13}},"14":{"start":{"line":15,"column":0},"end":{"line":15,"column":91}},"15":{"start":{"line":16,"column":0},"end":{"line":16,"column":75}},"16":{"start":{"line":17,"column":0},"end":{"line":17,"column":0}},"17":{"start":{"line":18,"column":0},"end":{"line":18,"column":61}},"18":{"start":{"line":19,"column":0},"end":{"line":19,"column":80}},"19":{"start":{"line":20,"column":0},"end":{"line":20,"column":25}},"20":{"start":{"line":21,"column":0},"end":{"line":21,"column":61}},"21":{"start":{"line":22,"column":0},"end":{"line":22,"column":95}},"22":{"start":{"line":23,"column":0},"end":{"line":23,"column":9}},"23":{"start":{"line":24,"column":0},"end":{"line":24,"column":5}},"24":{"start":{"line":25,"column":0},"end":{"line":25,"column":1}}},"s":{"0":1,"1":1,"2":1,"3":1,"4":1,"5":1,"6":1,"7":1,"8":1,"9":3,"10":1,"11":1,"12":2,"13":2,"14":2,"15":2,"16":2,"17":2,"18":1,"19":1,"20":1,"21":1,"22":1,"23":3,"24":1},"branchMap":{"0":{"type":"branch","line":7,"loc":{"start":{"line":7,"column":4},"end":{"line":7,"column":89}},"locations":[{"start":{"line":7,"column":4},"end":{"line":7,"column":89}}]},"1":{"type":"branch","line":9,"loc":{"start":{"line":9,"column":10},"end":{"line":24,"column":5}},"locations":[{"start":{"line":9,"column":10},"end":{"line":24,"column":5}}]},"2":{"type":"branch","line":10,"loc":{"start":{"line":10,"column":31},"end":{"line":12,"column":9}},"locations":[{"start":{"line":10,"column":31},"end":{"line":12,"column":9}}]},"3":{"type":"branch","line":13,"loc":{"start":{"line":13,"column":-1},"end":{"line":18,"column":61}},"locations":[{"start":{"line":13,"column":-1},"end":{"line":18,"column":61}}]},"4":{"type":"branch","line":19,"loc":{"start":{"line":19,"column":-1},"end":{"line":23,"column":9}},"locations":[{"start":{"line":19,"column":-1},"end":{"line":23,"column":9}}]}},"b":{"0":[3],"1":[3],"2":[1],"3":[2],"4":[1]},"fnMap":{"0":{"name":"UpdateTeamNameController","decl":{"start":{"line":7,"column":4},"end":{"line":7,"column":89}},"loc":{"start":{"line":7,"column":4},"end":{"line":7,"column":89}},"line":7},"1":{"name":"updateTeamName","decl":{"start":{"line":9,"column":10},"end":{"line":24,"column":5}},"loc":{"start":{"line":9,"column":10},"end":{"line":24,"column":5}},"line":9}},"f":{"0":3,"1":3}}
,"/home/adlancel/Documents/mpg_case/server/src/dal/couchbaseClient.ts": {"path":"/home/adlancel/Documents/mpg_case/server/src/dal/couchbaseClient.ts","all":false,"statementMap":{"0":{"start":{"line":1,"column":0},"end":{"line":1,"column":65}},"1":{"start":{"line":2,"column":0},"end":{"line":2,"column":0}},"2":{"start":{"line":3,"column":0},"end":{"line":3,"column":35}},"3":{"start":{"line":4,"column":0},"end":{"line":4,"column":0}},"4":{"start":{"line":5,"column":0},"end":{"line":5,"column":51}},"5":{"start":{"line":6,"column":0},"end":{"line":6,"column":28}},"6":{"start":{"line":7,"column":0},"end":{"line":7,"column":32}},"7":{"start":{"line":8,"column":0},"end":{"line":8,"column":9}},"8":{"start":{"line":9,"column":0},"end":{"line":9,"column":38}},"9":{"start":{"line":10,"column":0},"end":{"line":10,"column":32}},"10":{"start":{"line":11,"column":0},"end":{"line":11,"column":9}},"11":{"start":{"line":12,"column":0},"end":{"line":12,"column":6}},"12":{"start":{"line":13,"column":0},"end":{"line":13,"column":1}},"13":{"start":{"line":14,"column":0},"end":{"line":14,"column":0}},"14":{"start":{"line":15,"column":0},"end":{"line":15,"column":54}},"15":{"start":{"line":16,"column":0},"end":{"line":16,"column":19}},"16":{"start":{"line":17,"column":0},"end":{"line":17,"column":34}},"17":{"start":{"line":18,"column":0},"end":{"line":18,"column":5}},"18":{"start":{"line":19,"column":0},"end":{"line":19,"column":19}},"19":{"start":{"line":20,"column":0},"end":{"line":20,"column":1}},"20":{"start":{"line":21,"column":0},"end":{"line":21,"column":0}},"21":{"start":{"line":22,"column":0},"end":{"line":22,"column":35}},"22":{"start":{"line":23,"column":0},"end":{"line":23,"column":39}},"23":{"start":{"line":24,"column":0},"end":{"line":24,"column":33}},"24":{"start":{"line":25,"column":0},"end":{"line":25,"column":1}},"25":{"start":{"line":26,"column":0},"end":{"line":26,"column":0}},"26":{"start":{"line":27,"column":0},"end":{"line":27,"column":39}},"27":{"start":{"line":28,"column":0},"end":{"line":28,"column":37}},"28":{"start":{"line":29,"column":0},"end":{"line":29,"column":41}},"29":{"start":{"line":30,"column":0},"end":{"line":30,"column":1}}},"s":{"0":1,"1":1,"2":1,"3":1,"4":6,"5":6,"6":6,"7":6,"8":6,"9":6,"10":6,"11":6,"12":6,"13":1,"14":6,"15":6,"16":4,"17":4,"18":6,"19":6,"20":1,"21":2,"22":2,"23":2,"24":2,"25":1,"26":1,"27":1,"28":1,"29":1},"branchMap":{"0":{"type":"branch","line":5,"loc":{"start":{"line":5,"column":0},"end":{"line":13,"column":1}},"locations":[{"start":{"line":5,"column":0},"end":{"line":13,"column":1}}]},"1":{"type":"branch","line":15,"loc":{"start":{"line":15,"column":0},"end":{"line":20,"column":1}},"locations":[{"start":{"line":15,"column":0},"end":{"line":20,"column":1}}]},"2":{"type":"branch","line":16,"loc":{"start":{"line":16,"column":18},"end":{"line":18,"column":5}},"locations":[{"start":{"line":16,"column":18},"end":{"line":18,"column":5}}]},"3":{"type":"branch","line":22,"loc":{"start":{"line":22,"column":0},"end":{"line":25,"column":1}},"locations":[{"start":{"line":22,"column":0},"end":{"line":25,"column":1}}]},"4":{"type":"branch","line":27,"loc":{"start":{"line":27,"column":0},"end":{"line":30,"column":1}},"locations":[{"start":{"line":27,"column":0},"end":{"line":30,"column":1}}]}},"b":{"0":[6],"1":[6],"2":[4],"3":[2],"4":[1]},"fnMap":{"0":{"name":"connect","decl":{"start":{"line":5,"column":0},"end":{"line":13,"column":1}},"loc":{"start":{"line":5,"column":0},"end":{"line":13,"column":1}},"line":5},"1":{"name":"getCluster","decl":{"start":{"line":15,"column":0},"end":{"line":20,"column":1}},"loc":{"start":{"line":15,"column":0},"end":{"line":20,"column":1}},"line":15},"2":{"name":"getBucket","decl":{"start":{"line":22,"column":0},"end":{"line":25,"column":1}},"loc":{"start":{"line":22,"column":0},"end":{"line":25,"column":1}},"line":22},"3":{"name":"getCollection","decl":{"start":{"line":27,"column":0},"end":{"line":30,"column":1}},"loc":{"start":{"line":27,"column":0},"end":{"line":30,"column":1}},"line":27}},"f":{"0":6,"1":6,"2":2,"3":1}}
,"/home/adlancel/Documents/mpg_case/server/src/handlers/CreateLeagueCommandHandler.ts": {"path":"/home/adlancel/Documents/mpg_case/server/src/handlers/CreateLeagueCommandHandler.ts","all":false,"statementMap":{"0":{"start":{"line":1,"column":0},"end":{"line":1,"column":68}},"1":{"start":{"line":2,"column":0},"end":{"line":2,"column":66}},"2":{"start":{"line":3,"column":0},"end":{"line":3,"column":0}},"3":{"start":{"line":4,"column":0},"end":{"line":4,"column":41}},"4":{"start":{"line":5,"column":0},"end":{"line":5,"column":72}},"5":{"start":{"line":6,"column":0},"end":{"line":6,"column":0}},"6":{"start":{"line":7,"column":0},"end":{"line":7,"column":48}},"7":{"start":{"line":8,"column":0},"end":{"line":8,"column":59}},"8":{"start":{"line":9,"column":0},"end":{"line":9,"column":5}},"9":{"start":{"line":10,"column":0},"end":{"line":10,"column":1}}},"s":{"0":1,"1":1,"2":1,"3":1,"4":1,"5":1,"6":1,"7":2,"8":2,"9":1},"branchMap":{"0":{"type":"branch","line":5,"loc":{"start":{"line":5,"column":4},"end":{"line":5,"column":72}},"locations":[{"start":{"line":5,"column":4},"end":{"line":5,"column":72}}]},"1":{"type":"branch","line":7,"loc":{"start":{"line":7,"column":10},"end":{"line":9,"column":5}},"locations":[{"start":{"line":7,"column":10},"end":{"line":9,"column":5}}]}},"b":{"0":[2],"1":[2]},"fnMap":{"0":{"name":"CreateLeagueCommandHandler","decl":{"start":{"line":5,"column":4},"end":{"line":5,"column":72}},"loc":{"start":{"line":5,"column":4},"end":{"line":5,"column":72}},"line":5},"1":{"name":"handle","decl":{"start":{"line":7,"column":10},"end":{"line":9,"column":5}},"loc":{"start":{"line":7,"column":10},"end":{"line":9,"column":5}},"line":7}},"f":{"0":2,"1":2}}
,"/home/adlancel/Documents/mpg_case/server/src/handlers/GetUserQueryHandler.ts": {"path":"/home/adlancel/Documents/mpg_case/server/src/handlers/GetUserQueryHandler.ts","all":false,"statementMap":{"0":{"start":{"line":1,"column":0},"end":{"line":1,"column":77}},"1":{"start":{"line":2,"column":0},"end":{"line":2,"column":62}},"2":{"start":{"line":3,"column":0},"end":{"line":3,"column":0}},"3":{"start":{"line":4,"column":0},"end":{"line":4,"column":34}},"4":{"start":{"line":5,"column":0},"end":{"line":5,"column":68}},"5":{"start":{"line":6,"column":0},"end":{"line":6,"column":0}},"6":{"start":{"line":7,"column":0},"end":{"line":7,"column":50}},"7":{"start":{"line":8,"column":0},"end":{"line":8,"column":70}},"8":{"start":{"line":9,"column":0},"end":{"line":9,"column":5}},"9":{"start":{"line":10,"column":0},"end":{"line":10,"column":1}}},"s":{"0":1,"1":1,"2":1,"3":1,"4":1,"5":1,"6":1,"7":2,"8":2,"9":1},"branchMap":{"0":{"type":"branch","line":5,"loc":{"start":{"line":5,"column":4},"end":{"line":5,"column":68}},"locations":[{"start":{"line":5,"column":4},"end":{"line":5,"column":68}}]},"1":{"type":"branch","line":7,"loc":{"start":{"line":7,"column":10},"end":{"line":9,"column":5}},"locations":[{"start":{"line":7,"column":10},"end":{"line":9,"column":5}}]}},"b":{"0":[2],"1":[2]},"fnMap":{"0":{"name":"GetUserQueryHandler","decl":{"start":{"line":5,"column":4},"end":{"line":5,"column":68}},"loc":{"start":{"line":5,"column":4},"end":{"line":5,"column":68}},"line":5},"1":{"name":"handle","decl":{"start":{"line":7,"column":10},"end":{"line":9,"column":5}},"loc":{"start":{"line":7,"column":10},"end":{"line":9,"column":5}},"line":7}},"f":{"0":2,"1":2}}
,"/home/adlancel/Documents/mpg_case/server/src/handlers/UpdateTeamNameCommandHandler.ts": {"path":"/home/adlancel/Documents/mpg_case/server/src/handlers/UpdateTeamNameCommandHandler.ts","all":false,"statementMap":{"0":{"start":{"line":1,"column":0},"end":{"line":1,"column":72}},"1":{"start":{"line":2,"column":0},"end":{"line":2,"column":62}},"2":{"start":{"line":3,"column":0},"end":{"line":3,"column":0}},"3":{"start":{"line":4,"column":0},"end":{"line":4,"column":43}},"4":{"start":{"line":5,"column":0},"end":{"line":5,"column":68}},"5":{"start":{"line":6,"column":0},"end":{"line":6,"column":0}},"6":{"start":{"line":7,"column":0},"end":{"line":7,"column":50}},"7":{"start":{"line":8,"column":0},"end":{"line":8,"column":50}},"8":{"start":{"line":9,"column":0},"end":{"line":9,"column":65}},"9":{"start":{"line":10,"column":0},"end":{"line":10,"column":9}},"10":{"start":{"line":11,"column":0},"end":{"line":11,"column":0}},"11":{"start":{"line":12,"column":0},"end":{"line":12,"column":89}},"12":{"start":{"line":13,"column":0},"end":{"line":13,"column":5}},"13":{"start":{"line":14,"column":0},"end":{"line":14,"column":1}}},"s":{"0":1,"1":1,"2":1,"3":1,"4":1,"5":1,"6":1,"7":4,"8":2,"9":2,"10":2,"11":2,"12":2,"13":1},"branchMap":{"0":{"type":"branch","line":5,"loc":{"start":{"line":5,"column":4},"end":{"line":5,"column":68}},"locations":[{"start":{"line":5,"column":4},"end":{"line":5,"column":68}}]},"1":{"type":"branch","line":7,"loc":{"start":{"line":7,"column":10},"end":{"line":13,"column":5}},"locations":[{"start":{"line":7,"column":10},"end":{"line":13,"column":5}}]},"2":{"type":"branch","line":8,"loc":{"start":{"line":8,"column":27},"end":{"line":8,"column":47}},"locations":[{"start":{"line":8,"column":27},"end":{"line":8,"column":47}}]},"3":{"type":"branch","line":8,"loc":{"start":{"line":8,"column":49},"end":{"line":13,"column":5}},"locations":[{"start":{"line":8,"column":49},"end":{"line":13,"column":5}}]}},"b":{"0":[4],"1":[4],"2":[3],"3":[2]},"fnMap":{"0":{"name":"UpdateTeamNameCommandHandler","decl":{"start":{"line":5,"column":4},"end":{"line":5,"column":68}},"loc":{"start":{"line":5,"column":4},"end":{"line":5,"column":68}},"line":5},"1":{"name":"handle","decl":{"start":{"line":7,"column":10},"end":{"line":13,"column":5}},"loc":{"start":{"line":7,"column":10},"end":{"line":13,"column":5}},"line":7}},"f":{"0":4,"1":4}}
,"/home/adlancel/Documents/mpg_case/server/src/logger/logger.ts": {"path":"/home/adlancel/Documents/mpg_case/server/src/logger/logger.ts","all":false,"statementMap":{"0":{"start":{"line":1,"column":0},"end":{"line":1,"column":59}},"1":{"start":{"line":2,"column":0},"end":{"line":2,"column":0}},"2":{"start":{"line":3,"column":0},"end":{"line":3,"column":29}},"3":{"start":{"line":4,"column":0},"end":{"line":4,"column":18}},"4":{"start":{"line":5,"column":0},"end":{"line":5,"column":27}},"5":{"start":{"line":6,"column":0},"end":{"line":6,"column":27}},"6":{"start":{"line":7,"column":0},"end":{"line":7,"column":58}},"7":{"start":{"line":8,"column":0},"end":{"line":8,"column":71}},"8":{"start":{"line":9,"column":0},"end":{"line":9,"column":10}},"9":{"start":{"line":10,"column":0},"end":{"line":10,"column":6}},"10":{"start":{"line":11,"column":0},"end":{"line":11,"column":17}},"11":{"start":{"line":12,"column":0},"end":{"line":12,"column":33}},"12":{"start":{"line":13,"column":0},"end":{"line":13,"column":71}},"13":{"start":{"line":14,"column":0},"end":{"line":14,"column":57}},"14":{"start":{"line":15,"column":0},"end":{"line":15,"column":5}},"15":{"start":{"line":16,"column":0},"end":{"line":16,"column":3}},"16":{"start":{"line":17,"column":0},"end":{"line":17,"column":0}},"17":{"start":{"line":18,"column":0},"end":{"line":18,"column":22}}},"s":{"0":1,"1":1,"2":1,"3":1,"4":1,"5":1,"6":1,"7":6,"8":1,"9":1,"10":1,"11":1,"12":1,"13":1,"14":1,"15":1,"16":1,"17":1},"branchMap":{"0":{"type":"branch","line":7,"loc":{"start":{"line":7,"column":22},"end":{"line":9,"column":9}},"locations":[{"start":{"line":7,"column":22},"end":{"line":9,"column":9}}]}},"b":{"0":[6]},"fnMap":{},"f":{}}
,"/home/adlancel/Documents/mpg_case/server/src/queries/GetUsersByLeagueIDQuery.ts": {"path":"/home/adlancel/Documents/mpg_case/server/src/queries/GetUsersByLeagueIDQuery.ts","all":false,"statementMap":{"0":{"start":{"line":1,"column":0},"end":{"line":1,"column":38}},"1":{"start":{"line":2,"column":0},"end":{"line":2,"column":53}},"2":{"start":{"line":3,"column":0},"end":{"line":3,"column":1}}},"s":{"0":1,"1":1,"2":1},"branchMap":{"0":{"type":"branch","line":2,"loc":{"start":{"line":2,"column":4},"end":{"line":2,"column":53}},"locations":[{"start":{"line":2,"column":4},"end":{"line":2,"column":53}}]}},"b":{"0":[5]},"fnMap":{"0":{"name":"GetUsersByLeagueIdQuery","decl":{"start":{"line":2,"column":4},"end":{"line":2,"column":53}},"loc":{"start":{"line":2,"column":4},"end":{"line":2,"column":53}},"line":2}},"f":{"0":5}}
,"/home/adlancel/Documents/mpg_case/server/src/repositories/LeagueRepository.ts": {"path":"/home/adlancel/Documents/mpg_case/server/src/repositories/LeagueRepository.ts","all":false,"statementMap":{"0":{"start":{"line":1,"column":0},"end":{"line":1,"column":53}},"1":{"start":{"line":2,"column":0},"end":{"line":2,"column":68}},"2":{"start":{"line":3,"column":0},"end":{"line":3,"column":72}},"3":{"start":{"line":4,"column":0},"end":{"line":4,"column":38}},"4":{"start":{"line":5,"column":0},"end":{"line":5,"column":0}},"5":{"start":{"line":6,"column":0},"end":{"line":6,"column":31}},"6":{"start":{"line":7,"column":0},"end":{"line":7,"column":54}},"7":{"start":{"line":8,"column":0},"end":{"line":8,"column":13}},"8":{"start":{"line":9,"column":0},"end":{"line":9,"column":53}},"9":{"start":{"line":10,"column":0},"end":{"line":10,"column":57}},"10":{"start":{"line":11,"column":0},"end":{"line":11,"column":78}},"11":{"start":{"line":12,"column":0},"end":{"line":12,"column":27}},"12":{"start":{"line":13,"column":0},"end":{"line":13,"column":25}},"13":{"start":{"line":14,"column":0},"end":{"line":14,"column":58}},"14":{"start":{"line":15,"column":0},"end":{"line":15,"column":24}},"15":{"start":{"line":16,"column":0},"end":{"line":16,"column":9}},"16":{"start":{"line":17,"column":0},"end":{"line":17,"column":5}},"17":{"start":{"line":18,"column":0},"end":{"line":18,"column":0}},"18":{"start":{"line":19,"column":0},"end":{"line":19,"column":58}},"19":{"start":{"line":20,"column":0},"end":{"line":20,"column":13}},"20":{"start":{"line":21,"column":0},"end":{"line":21,"column":53}},"21":{"start":{"line":22,"column":0},"end":{"line":22,"column":68}},"22":{"start":{"line":23,"column":0},"end":{"line":23,"column":54}},"23":{"start":{"line":24,"column":0},"end":{"line":24,"column":72}},"24":{"start":{"line":25,"column":0},"end":{"line":25,"column":84}},"25":{"start":{"line":26,"column":0},"end":{"line":26,"column":38}},"26":{"start":{"line":27,"column":0},"end":{"line":27,"column":25}},"27":{"start":{"line":28,"column":0},"end":{"line":28,"column":61}},"28":{"start":{"line":29,"column":0},"end":{"line":29,"column":24}},"29":{"start":{"line":30,"column":0},"end":{"line":30,"column":9}},"30":{"start":{"line":31,"column":0},"end":{"line":31,"column":5}},"31":{"start":{"line":32,"column":0},"end":{"line":32,"column":1}}},"s":{"0":1,"1":1,"2":1,"3":1,"4":1,"5":1,"6":1,"7":2,"8":2,"9":2,"10":1,"11":1,"12":1,"13":1,"14":1,"15":1,"16":2,"17":1,"18":1,"19":2,"20":2,"21":2,"22":1,"23":1,"24":1,"25":1,"26":1,"27":1,"28":1,"29":1,"30":2,"31":1},"branchMap":{"0":{"type":"branch","line":7,"loc":{"start":{"line":7,"column":10},"end":{"line":17,"column":5}},"locations":[{"start":{"line":7,"column":10},"end":{"line":17,"column":5}}]},"1":{"type":"branch","line":11,"loc":{"start":{"line":11,"column":-1},"end":{"line":16,"column":9}},"locations":[{"start":{"line":11,"column":-1},"end":{"line":16,"column":9}}]},"2":{"type":"branch","line":19,"loc":{"start":{"line":19,"column":10},"end":{"line":31,"column":5}},"locations":[{"start":{"line":19,"column":10},"end":{"line":31,"column":5}}]},"3":{"type":"branch","line":23,"loc":{"start":{"line":23,"column":-1},"end":{"line":30,"column":9}},"locations":[{"start":{"line":23,"column":-1},"end":{"line":30,"column":9}}]}},"b":{"0":[2],"1":[1],"2":[2],"3":[1]},"fnMap":{"0":{"name":"createLeague","decl":{"start":{"line":7,"column":10},"end":{"line":17,"column":5}},"loc":{"start":{"line":7,"column":10},"end":{"line":17,"column":5}},"line":7},"1":{"name":"updateTeamName","decl":{"start":{"line":19,"column":10},"end":{"line":31,"column":5}},"loc":{"start":{"line":19,"column":10},"end":{"line":31,"column":5}},"line":19}},"f":{"0":2,"1":2}}
,"/home/adlancel/Documents/mpg_case/server/src/repositories/TeamRepository.ts": {"path":"/home/adlancel/Documents/mpg_case/server/src/repositories/TeamRepository.ts","all":false,"statementMap":{"0":{"start":{"line":1,"column":0},"end":{"line":1,"column":53}},"1":{"start":{"line":2,"column":0},"end":{"line":2,"column":29}},"2":{"start":{"line":3,"column":0},"end":{"line":3,"column":0}},"3":{"start":{"line":4,"column":0},"end":{"line":4,"column":29}},"4":{"start":{"line":5,"column":0},"end":{"line":5,"column":59}},"5":{"start":{"line":6,"column":0},"end":{"line":6,"column":13}},"6":{"start":{"line":7,"column":0},"end":{"line":7,"column":53}},"7":{"start":{"line":8,"column":0},"end":{"line":8,"column":60}},"8":{"start":{"line":9,"column":0},"end":{"line":9,"column":48}},"9":{"start":{"line":10,"column":0},"end":{"line":10,"column":0}},"10":{"start":{"line":11,"column":0},"end":{"line":11,"column":28}},"11":{"start":{"line":12,"column":0},"end":{"line":12,"column":54}},"12":{"start":{"line":13,"column":0},"end":{"line":13,"column":13}},"13":{"start":{"line":14,"column":0},"end":{"line":14,"column":0}},"14":{"start":{"line":15,"column":0},"end":{"line":15,"column":36}},"15":{"start":{"line":16,"column":0},"end":{"line":16,"column":54}},"16":{"start":{"line":17,"column":0},"end":{"line":17,"column":0}},"17":{"start":{"line":18,"column":0},"end":{"line":18,"column":76}},"18":{"start":{"line":19,"column":0},"end":{"line":19,"column":53}},"19":{"start":{"line":20,"column":0},"end":{"line":20,"column":25}},"20":{"start":{"line":21,"column":0},"end":{"line":21,"column":61}},"21":{"start":{"line":22,"column":0},"end":{"line":22,"column":79}},"22":{"start":{"line":23,"column":0},"end":{"line":23,"column":9}},"23":{"start":{"line":24,"column":0},"end":{"line":24,"column":5}},"24":{"start":{"line":25,"column":0},"end":{"line":25,"column":0}},"25":{"start":{"line":26,"column":0},"end":{"line":26,"column":1}}},"s":{"0":1,"1":1,"2":1,"3":1,"4":1,"5":3,"6":3,"7":3,"8":2,"9":2,"10":3,"11":1,"12":1,"13":1,"14":1,"15":1,"16":1,"17":1,"18":1,"19":3,"20":2,"21":2,"22":2,"23":3,"24":1,"25":1},"branchMap":{"0":{"type":"branch","line":5,"loc":{"start":{"line":5,"column":10},"end":{"line":24,"column":5}},"locations":[{"start":{"line":5,"column":10},"end":{"line":24,"column":5}}]},"1":{"type":"branch","line":9,"loc":{"start":{"line":9,"column":-1},"end":{"line":11,"column":27}},"locations":[{"start":{"line":9,"column":-1},"end":{"line":11,"column":27}}]},"2":{"type":"branch","line":11,"loc":{"start":{"line":11,"column":27},"end":{"line":20,"column":17}},"locations":[{"start":{"line":11,"column":27},"end":{"line":20,"column":17}}]},"3":{"type":"branch","line":20,"loc":{"start":{"line":20,"column":10},"end":{"line":23,"column":9}},"locations":[{"start":{"line":20,"column":10},"end":{"line":23,"column":9}}]}},"b":{"0":[3],"1":[2],"2":[1],"3":[2]},"fnMap":{"0":{"name":"updateTeamName","decl":{"start":{"line":5,"column":10},"end":{"line":24,"column":5}},"loc":{"start":{"line":5,"column":10},"end":{"line":24,"column":5}},"line":5}},"f":{"0":3}}
,"/home/adlancel/Documents/mpg_case/server/src/repositories/UserRepository.ts": {"path":"/home/adlancel/Documents/mpg_case/server/src/repositories/UserRepository.ts","all":false,"statementMap":{"0":{"start":{"line":1,"column":0},"end":{"line":1,"column":53}},"1":{"start":{"line":2,"column":0},"end":{"line":2,"column":29}},"2":{"start":{"line":3,"column":0},"end":{"line":3,"column":0}},"3":{"start":{"line":4,"column":0},"end":{"line":4,"column":29}},"4":{"start":{"line":5,"column":0},"end":{"line":5,"column":48}},"5":{"start":{"line":6,"column":0},"end":{"line":6,"column":13}},"6":{"start":{"line":7,"column":0},"end":{"line":7,"column":53}},"7":{"start":{"line":8,"column":0},"end":{"line":8,"column":64}},"8":{"start":{"line":9,"column":0},"end":{"line":9,"column":63}},"9":{"start":{"line":10,"column":0},"end":{"line":10,"column":0}},"10":{"start":{"line":11,"column":0},"end":{"line":11,"column":30}},"11":{"start":{"line":12,"column":0},"end":{"line":12,"column":73}},"12":{"start":{"line":13,"column":0},"end":{"line":13,"column":26}},"13":{"start":{"line":14,"column":0},"end":{"line":14,"column":13}},"14":{"start":{"line":15,"column":0},"end":{"line":15,"column":0}},"15":{"start":{"line":16,"column":0},"end":{"line":16,"column":52}},"16":{"start":{"line":17,"column":0},"end":{"line":17,"column":75}},"17":{"start":{"line":18,"column":0},"end":{"line":18,"column":64}},"18":{"start":{"line":19,"column":0},"end":{"line":19,"column":57}},"19":{"start":{"line":20,"column":0},"end":{"line":20,"column":16}},"20":{"start":{"line":21,"column":0},"end":{"line":21,"column":0}},"21":{"start":{"line":22,"column":0},"end":{"line":22,"column":83}},"22":{"start":{"line":23,"column":0},"end":{"line":23,"column":25}},"23":{"start":{"line":24,"column":0},"end":{"line":24,"column":25}},"24":{"start":{"line":25,"column":0},"end":{"line":25,"column":59}},"25":{"start":{"line":26,"column":0},"end":{"line":26,"column":22}},"26":{"start":{"line":27,"column":0},"end":{"line":27,"column":9}},"27":{"start":{"line":28,"column":0},"end":{"line":28,"column":5}},"28":{"start":{"line":29,"column":0},"end":{"line":29,"column":1}}},"s":{"0":1,"1":1,"2":1,"3":1,"4":1,"5":4,"6":4,"7":4,"8":3,"9":3,"10":4,"11":1,"12":1,"13":1,"14":2,"15":2,"16":2,"17":2,"18":2,"19":2,"20":2,"21":2,"22":2,"23":4,"24":1,"25":1,"26":1,"27":4,"28":1},"branchMap":{"0":{"type":"branch","line":5,"loc":{"start":{"line":5,"column":10},"end":{"line":28,"column":5}},"locations":[{"start":{"line":5,"column":10},"end":{"line":28,"column":5}}]},"1":{"type":"branch","line":9,"loc":{"start":{"line":9,"column":-1},"end":{"line":11,"column":29}},"locations":[{"start":{"line":9,"column":-1},"end":{"line":11,"column":29}}]},"2":{"type":"branch","line":11,"loc":{"start":{"line":11,"column":29},"end":{"line":14,"column":13}},"locations":[{"start":{"line":11,"column":29},"end":{"line":14,"column":13}}]},"3":{"type":"branch","line":15,"loc":{"start":{"line":15,"column":-1},"end":{"line":24,"column":17}},"locations":[{"start":{"line":15,"column":-1},"end":{"line":24,"column":17}}]},"4":{"type":"branch","line":24,"loc":{"start":{"line":24,"column":10},"end":{"line":27,"column":9}},"locations":[{"start":{"line":24,"column":10},"end":{"line":27,"column":9}}]},"5":{"type":"branch","line":17,"loc":{"start":{"line":17,"column":56},"end":{"line":20,"column":14}},"locations":[{"start":{"line":17,"column":56},"end":{"line":20,"column":14}}]},"6":{"type":"branch","line":17,"loc":{"start":{"line":17,"column":73},"end":{"line":20,"column":13}},"locations":[{"start":{"line":17,"column":73},"end":{"line":20,"column":13}}]}},"b":{"0":[4],"1":[3],"2":[1],"3":[2],"4":[1],"5":[2],"6":[2]},"fnMap":{"0":{"name":"getUsersByLeagueId","decl":{"start":{"line":5,"column":10},"end":{"line":28,"column":5}},"loc":{"start":{"line":5,"column":10},"end":{"line":28,"column":5}},"line":5}},"f":{"0":4}}
}
