TN:
SF:src/commands/CreateLeagueCommand.ts
FN:2,CreateLeagueCommand
FNF:1
FNH:1
FNDA:4,CreateLeagueCommand
DA:1,1
DA:2,1
DA:3,4
DA:4,4
DA:5,4
DA:6,4
DA:7,4
DA:8,1
LF:8
LH:8
BRDA:2,0,0,4
BRF:1
BRH:1
end_of_record
TN:
SF:src/commands/UpdateTeamNameCommand.ts
FN:2,UpdateTeamNameCommand
FNF:1
FNH:1
FNDA:4,UpdateTeamNameCommand
DA:1,1
DA:2,1
DA:3,4
DA:4,4
DA:5,4
DA:6,1
LF:6
LH:6
BRDA:2,0,0,4
BRF:1
BRH:1
end_of_record
TN:
SF:src/controllers/create-league/CreateLeagueController.ts
FN:6,CreateLeagueController
FN:8,createLeague
FNF:2
FNH:2
FNDA:3,CreateLeagueController
FNDA:3,createLeague
DA:1,1
DA:2,1
DA:3,1
DA:4,1
DA:5,1
DA:6,1
DA:7,1
DA:8,1
DA:9,3
DA:10,3
DA:11,3
DA:12,3
DA:13,3
DA:14,3
DA:15,3
DA:16,3
DA:17,2
DA:18,3
DA:19,1
DA:20,1
DA:21,3
DA:22,1
LF:22
LH:22
BRDA:6,0,0,3
BRDA:8,1,0,3
BRDA:17,2,0,2
BRDA:18,3,0,1
BRF:4
BRH:4
end_of_record
TN:
SF:src/controllers/get-user/GetUserController.ts
FN:7,GetUserController
FN:51,getUsersByLeagueId
FNF:2
FNH:2
FNDA:1,GetUserController
FNDA:3,getUsersByLeagueId
DA:1,1
DA:2,1
DA:3,1
DA:4,1
DA:5,1
DA:6,1
DA:7,1
DA:8,1
DA:9,1
DA:10,1
DA:11,1
DA:12,1
DA:13,1
DA:14,1
DA:15,1
DA:16,1
DA:17,1
DA:18,1
DA:19,1
DA:20,1
DA:21,1
DA:22,1
DA:23,1
DA:24,1
DA:25,1
DA:26,1
DA:27,1
DA:28,1
DA:29,1
DA:30,1
DA:31,1
DA:32,1
DA:33,1
DA:34,1
DA:35,1
DA:36,1
DA:37,1
DA:38,1
DA:39,1
DA:40,1
DA:41,1
DA:42,1
DA:43,1
DA:44,1
DA:45,1
DA:46,1
DA:47,1
DA:48,1
DA:49,1
DA:50,1
DA:51,1
DA:52,3
DA:53,3
DA:54,3
DA:55,3
DA:56,3
DA:57,2
DA:58,3
DA:59,1
DA:60,1
DA:61,1
DA:62,3
DA:63,1
LF:63
LH:63
BRDA:7,0,0,1
BRDA:51,1,0,3
BRDA:57,2,0,2
BRDA:58,3,0,1
BRF:4
BRH:4
end_of_record
TN:
SF:src/controllers/update-team-name/UpdateTeamNameController.ts
FN:7,UpdateTeamNameController
FN:9,updateTeamName
FNF:2
FNH:2
FNDA:3,UpdateTeamNameController
FNDA:3,updateTeamName
DA:1,1
DA:2,1
DA:3,1
DA:4,1
DA:5,1
DA:6,1
DA:7,1
DA:8,1
DA:9,1
DA:10,3
DA:11,1
DA:12,1
DA:13,2
DA:14,2
DA:15,2
DA:16,2
DA:17,2
DA:18,2
DA:19,1
DA:20,1
DA:21,1
DA:22,1
DA:23,1
DA:24,3
DA:25,1
LF:25
LH:25
BRDA:7,0,0,3
BRDA:9,1,0,3
BRDA:10,2,0,1
BRDA:13,3,0,2
BRDA:19,4,0,1
BRF:5
BRH:5
end_of_record
TN:
SF:src/dal/couchbaseClient.ts
FN:5,connect
FN:15,getCluster
FN:22,getBucket
FN:27,getCollection
FNF:4
FNH:4
FNDA:6,connect
FNDA:6,getCluster
FNDA:2,getBucket
FNDA:1,getCollection
DA:1,1
DA:2,1
DA:3,1
DA:4,1
DA:5,6
DA:6,6
DA:7,6
DA:8,6
DA:9,6
DA:10,6
DA:11,6
DA:12,6
DA:13,6
DA:14,1
DA:15,6
DA:16,6
DA:17,4
DA:18,4
DA:19,6
DA:20,6
DA:21,1
DA:22,2
DA:23,2
DA:24,2
DA:25,2
DA:26,1
DA:27,1
DA:28,1
DA:29,1
DA:30,1
LF:30
LH:30
BRDA:5,0,0,6
BRDA:15,1,0,6
BRDA:16,2,0,4
BRDA:22,3,0,2
BRDA:27,4,0,1
BRF:5
BRH:5
end_of_record
TN:
SF:src/handlers/CreateLeagueCommandHandler.ts
FN:5,CreateLeagueCommandHandler
FN:7,handle
FNF:2
FNH:2
FNDA:2,CreateLeagueCommandHandler
FNDA:2,handle
DA:1,1
DA:2,1
DA:3,1
DA:4,1
DA:5,1
DA:6,1
DA:7,1
DA:8,2
DA:9,2
DA:10,1
LF:10
LH:10
BRDA:5,0,0,2
BRDA:7,1,0,2
BRF:2
BRH:2
end_of_record
TN:
SF:src/handlers/GetUserQueryHandler.ts
FN:5,GetUserQueryHandler
FN:7,handle
FNF:2
FNH:2
FNDA:2,GetUserQueryHandler
FNDA:2,handle
DA:1,1
DA:2,1
DA:3,1
DA:4,1
DA:5,1
DA:6,1
DA:7,1
DA:8,2
DA:9,2
DA:10,1
LF:10
LH:10
BRDA:5,0,0,2
BRDA:7,1,0,2
BRF:2
BRH:2
end_of_record
TN:
SF:src/handlers/UpdateTeamNameCommandHandler.ts
FN:5,UpdateTeamNameCommandHandler
FN:7,handle
FNF:2
FNH:2
FNDA:4,UpdateTeamNameCommandHandler
FNDA:4,handle
DA:1,1
DA:2,1
DA:3,1
DA:4,1
DA:5,1
DA:6,1
DA:7,1
DA:8,4
DA:9,2
DA:10,2
DA:11,2
DA:12,2
DA:13,2
DA:14,1
LF:14
LH:14
BRDA:5,0,0,4
BRDA:7,1,0,4
BRDA:8,2,0,3
BRDA:8,3,0,2
BRF:4
BRH:4
end_of_record
TN:
SF:src/logger/logger.ts
FNF:0
FNH:0
DA:1,1
DA:2,1
DA:3,1
DA:4,1
DA:5,1
DA:6,1
DA:7,1
DA:8,6
DA:9,1
DA:10,1
DA:11,1
DA:12,1
DA:13,1
DA:14,1
DA:15,1
DA:16,1
DA:17,1
DA:18,1
LF:18
LH:18
BRDA:7,0,0,6
BRF:1
BRH:1
end_of_record
TN:
SF:src/queries/GetUsersByLeagueIDQuery.ts
FN:2,GetUsersByLeagueIdQuery
FNF:1
FNH:1
FNDA:5,GetUsersByLeagueIdQuery
DA:1,1
DA:2,1
DA:3,1
LF:3
LH:3
BRDA:2,0,0,5
BRF:1
BRH:1
end_of_record
TN:
SF:src/repositories/LeagueRepository.ts
FN:7,createLeague
FN:19,updateTeamName
FNF:2
FNH:2
FNDA:2,createLeague
FNDA:2,updateTeamName
DA:1,1
DA:2,1
DA:3,1
DA:4,1
DA:5,1
DA:6,1
DA:7,1
DA:8,2
DA:9,2
DA:10,2
DA:11,1
DA:12,1
DA:13,1
DA:14,1
DA:15,1
DA:16,1
DA:17,2
DA:18,1
DA:19,1
DA:20,2
DA:21,2
DA:22,2
DA:23,1
DA:24,1
DA:25,1
DA:26,1
DA:27,1
DA:28,1
DA:29,1
DA:30,1
DA:31,2
DA:32,1
LF:32
LH:32
BRDA:7,0,0,2
BRDA:11,1,0,1
BRDA:19,2,0,2
BRDA:23,3,0,1
BRF:4
BRH:4
end_of_record
TN:
SF:src/repositories/TeamRepository.ts
FN:5,updateTeamName
FNF:1
FNH:1
FNDA:3,updateTeamName
DA:1,1
DA:2,1
DA:3,1
DA:4,1
DA:5,1
DA:6,3
DA:7,3
DA:8,3
DA:9,2
DA:10,2
DA:11,3
DA:12,1
DA:13,1
DA:14,1
DA:15,1
DA:16,1
DA:17,1
DA:18,1
DA:19,1
DA:20,3
DA:21,2
DA:22,2
DA:23,2
DA:24,3
DA:25,1
DA:26,1
LF:26
LH:26
BRDA:5,0,0,3
BRDA:9,1,0,2
BRDA:11,2,0,1
BRDA:20,3,0,2
BRF:4
BRH:4
end_of_record
TN:
SF:src/repositories/UserRepository.ts
FN:5,getUsersByLeagueId
FNF:1
FNH:1
FNDA:4,getUsersByLeagueId
DA:1,1
DA:2,1
DA:3,1
DA:4,1
DA:5,1
DA:6,4
DA:7,4
DA:8,4
DA:9,3
DA:10,3
DA:11,4
DA:12,1
DA:13,1
DA:14,1
DA:15,2
DA:16,2
DA:17,2
DA:18,2
DA:19,2
DA:20,2
DA:21,2
DA:22,2
DA:23,2
DA:24,4
DA:25,1
DA:26,1
DA:27,1
DA:28,4
DA:29,1
LF:29
LH:29
BRDA:5,0,0,4
BRDA:9,1,0,3
BRDA:11,2,0,1
BRDA:15,3,0,2
BRDA:24,4,0,1
BRDA:17,5,0,2
BRDA:17,6,0,2
BRF:7
BRH:7
end_of_record
